<?xml version="1.0" encoding="UTF-8"?>
<testng-results ignored="0" total="1" passed="1" failed="0" skipped="0">
  <reporter-output>
  </reporter-output>
  <suite started-at="2024-06-24T15:10:42 IST" name="Default suite" finished-at="2024-06-24T15:10:54 IST" duration-ms="11883">
    <groups>
      <group name="cucumber">
        <method signature="AbstractTestNGCucumberTests.runScenario(io.cucumber.testng.PickleWrapper, io.cucumber.testng.FeatureWrapper)[pri:0, instance:runners.CucumberRunnerTest@27f981c6]" name="runScenario" class="io.cucumber.testng.AbstractTestNGCucumberTests"/>
      </group> <!-- cucumber -->
    </groups>
    <test started-at="2024-06-24T15:10:42 IST" name="Default test" finished-at="2024-06-24T15:10:54 IST" duration-ms="11883">
      <class name="runners.CucumberRunnerTest">
        <test-method is-config="true" signature="setUpClass(org.testng.ITestContext)[pri:0, instance:runners.CucumberRunnerTest@27f981c6]" started-at="2024-06-24T15:10:42 IST" name="setUpClass" finished-at="2024-06-24T15:10:43 IST" duration-ms="633" status="PASS">
          <params>
            <param index="0">
              <value>
                <![CDATA[org.testng.TestRunner@59845579]]>
              </value>
            </param>
          </params>
          <reporter-output>
          </reporter-output>
        </test-method> <!-- setUpClass -->
        <test-method signature="runScenario(io.cucumber.testng.PickleWrapper, io.cucumber.testng.FeatureWrapper)[pri:0, instance:runners.CucumberRunnerTest@27f981c6]" started-at="2024-06-24T15:10:43 IST" name="runScenario" description="Runs Cucumber Scenarios" data-provider="scenarios" finished-at="2024-06-24T15:10:52 IST" duration-ms="8974" status="PASS">
          <params>
            <param index="0">
              <value>
                <![CDATA["Order items two items to the card"]]>
              </value>
            </param>
            <param index="1">
              <value>
                <![CDATA["Sign-in and Sign-out on Swag Labs website"]]>
              </value>
            </param>
          </params>
          <reporter-output>
          </reporter-output>
        </test-method> <!-- runScenario -->
        <test-method is-config="true" signature="tearDownClass()[pri:0, instance:runners.CucumberRunnerTest@27f981c6]" started-at="2024-06-24T15:10:52 IST" name="tearDownClass" finished-at="2024-06-24T15:10:54 IST" duration-ms="2250" status="PASS">
          <reporter-output>
          </reporter-output>
        </test-method> <!-- tearDownClass -->
      </class> <!-- runners.CucumberRunnerTest -->
    </test> <!-- Default test -->
  </suite> <!-- Default suite -->
</testng-results>
